31-Jan-2026 11:10:19.451 INFO [main] org.apache.catalina.startup.VersionLoggerListener.log Server version name:   Apache Tomcat/11.0.18
31-Jan-2026 11:10:19.466 INFO [main] org.apache.catalina.startup.VersionLoggerListener.log Server built:          Jan 23 2026 10:22:57 UTC
31-Jan-2026 11:10:19.467 INFO [main] org.apache.catalina.startup.VersionLoggerListener.log Server version number: 11.0.18.0
31-Jan-2026 11:10:19.468 INFO [main] org.apache.catalina.startup.VersionLoggerListener.log OS Name:               Linux
31-Jan-2026 11:10:19.468 INFO [main] org.apache.catalina.startup.VersionLoggerListener.log OS Version:            6.17.9-arch1-1
31-Jan-2026 11:10:19.468 INFO [main] org.apache.catalina.startup.VersionLoggerListener.log Architecture:          amd64
31-Jan-2026 11:10:19.468 INFO [main] org.apache.catalina.startup.VersionLoggerListener.log Java Home:             /usr/lib/jvm/java-21-openjdk
31-Jan-2026 11:10:19.469 INFO [main] org.apache.catalina.startup.VersionLoggerListener.log JVM Version:           21.0.9+10
31-Jan-2026 11:10:19.469 INFO [main] org.apache.catalina.startup.VersionLoggerListener.log JVM Vendor:            Arch Linux
31-Jan-2026 11:10:19.470 INFO [main] org.apache.catalina.startup.VersionLoggerListener.log CATALINA_BASE:         /home/lain/Smart-Task-v1/apache-tomcat-11.0.18
31-Jan-2026 11:10:19.470 INFO [main] org.apache.catalina.startup.VersionLoggerListener.log CATALINA_HOME:         /home/lain/Smart-Task-v1/apache-tomcat-11.0.18
31-Jan-2026 11:10:19.497 INFO [main] org.apache.catalina.startup.VersionLoggerListener.log Command line argument: -Djava.util.logging.config.file=/home/lain/Smart-Task-v1/apache-tomcat-11.0.18/conf/logging.properties
31-Jan-2026 11:10:19.497 INFO [main] org.apache.catalina.startup.VersionLoggerListener.log Command line argument: -Djava.util.logging.manager=org.apache.juli.ClassLoaderLogManager
31-Jan-2026 11:10:19.498 INFO [main] org.apache.catalina.startup.VersionLoggerListener.log Command line argument: -Djdk.tls.ephemeralDHKeySize=2048
31-Jan-2026 11:10:19.498 INFO [main] org.apache.catalina.startup.VersionLoggerListener.log Command line argument: -Dorg.apache.catalina.security.SecurityListener.UMASK=0027
31-Jan-2026 11:10:19.498 INFO [main] org.apache.catalina.startup.VersionLoggerListener.log Command line argument: --add-opens=java.base/java.lang=ALL-UNNAMED
31-Jan-2026 11:10:19.498 INFO [main] org.apache.catalina.startup.VersionLoggerListener.log Command line argument: --add-opens=java.base/java.lang.reflect=ALL-UNNAMED
31-Jan-2026 11:10:19.499 INFO [main] org.apache.catalina.startup.VersionLoggerListener.log Command line argument: --add-opens=java.base/java.io=ALL-UNNAMED
31-Jan-2026 11:10:19.499 INFO [main] org.apache.catalina.startup.VersionLoggerListener.log Command line argument: --add-opens=java.base/java.util=ALL-UNNAMED
31-Jan-2026 11:10:19.499 INFO [main] org.apache.catalina.startup.VersionLoggerListener.log Command line argument: --add-opens=java.base/java.util.concurrent=ALL-UNNAMED
31-Jan-2026 11:10:19.499 INFO [main] org.apache.catalina.startup.VersionLoggerListener.log Command line argument: --add-opens=java.rmi/sun.rmi.transport=ALL-UNNAMED
31-Jan-2026 11:10:19.500 INFO [main] org.apache.catalina.startup.VersionLoggerListener.log Command line argument: --enable-native-access=ALL-UNNAMED
31-Jan-2026 11:10:19.500 INFO [main] org.apache.catalina.startup.VersionLoggerListener.log Command line argument: -Dcatalina.base=/home/lain/Smart-Task-v1/apache-tomcat-11.0.18
31-Jan-2026 11:10:19.501 INFO [main] org.apache.catalina.startup.VersionLoggerListener.log Command line argument: -Dcatalina.home=/home/lain/Smart-Task-v1/apache-tomcat-11.0.18
31-Jan-2026 11:10:19.502 INFO [main] org.apache.catalina.startup.VersionLoggerListener.log Command line argument: -Djava.io.tmpdir=/home/lain/Smart-Task-v1/apache-tomcat-11.0.18/temp
31-Jan-2026 11:10:19.506 INFO [main] org.apache.catalina.core.AprLifecycleListener.lifecycleEvent The Apache Tomcat Native library which allows using OpenSSL was not found on the java.library.path: [/usr/java/packages/lib:/usr/lib64:/lib64:/lib:/usr/lib]
31-Jan-2026 11:10:20.245 INFO [main] org.apache.coyote.AbstractProtocol.init Initializing ProtocolHandler ["http-nio-8080"]
31-Jan-2026 11:10:20.313 INFO [main] org.apache.catalina.startup.Catalina.load Server initialization in [1201] milliseconds
31-Jan-2026 11:10:20.408 INFO [main] org.apache.catalina.core.StandardService.startInternal Starting service [Catalina]
31-Jan-2026 11:10:20.408 INFO [main] org.apache.catalina.core.StandardEngine.startInternal Starting Servlet engine: [Apache Tomcat/11.0.18]
31-Jan-2026 11:10:20.421 INFO [main] org.apache.catalina.startup.HostConfig.deployDirectory Deploying web application directory [/home/lain/Smart-Task-v1/apache-tomcat-11.0.18/webapps/ROOT]
31-Jan-2026 11:10:22.550 INFO [main] org.apache.jasper.servlet.TldScanner.scanJars At least one JAR was scanned for TLDs yet contained no TLDs. Enable debug logging for this logger for a complete list of JARs that were scanned but no TLDs were found in them. Skipping unneeded JARs during scanning can improve startup time and JSP compilation time.
31-Jan-2026 11:10:22.623 INFO [main] org.apache.catalina.startup.HostConfig.deployDirectory Deployment of web application directory [/home/lain/Smart-Task-v1/apache-tomcat-11.0.18/webapps/ROOT] has finished in [2,201] ms
31-Jan-2026 11:10:22.624 INFO [main] org.apache.catalina.startup.HostConfig.deployDirectory Deploying web application directory [/home/lain/Smart-Task-v1/apache-tomcat-11.0.18/webapps/docs]
31-Jan-2026 11:10:22.663 INFO [main] org.apache.catalina.startup.HostConfig.deployDirectory Deployment of web application directory [/home/lain/Smart-Task-v1/apache-tomcat-11.0.18/webapps/docs] has finished in [39] ms
31-Jan-2026 11:10:22.664 INFO [main] org.apache.catalina.startup.HostConfig.deployDirectory Deploying web application directory [/home/lain/Smart-Task-v1/apache-tomcat-11.0.18/webapps/examples]
31-Jan-2026 11:10:22.962 INFO [main] org.apache.catalina.startup.HostConfig.deployDirectory Deployment of web application directory [/home/lain/Smart-Task-v1/apache-tomcat-11.0.18/webapps/examples] has finished in [298] ms
31-Jan-2026 11:10:22.962 INFO [main] org.apache.catalina.startup.HostConfig.deployDirectory Deploying web application directory [/home/lain/Smart-Task-v1/apache-tomcat-11.0.18/webapps/host-manager]
31-Jan-2026 11:10:22.997 INFO [main] org.apache.catalina.startup.HostConfig.deployDirectory Deployment of web application directory [/home/lain/Smart-Task-v1/apache-tomcat-11.0.18/webapps/host-manager] has finished in [35] ms
31-Jan-2026 11:10:22.998 INFO [main] org.apache.catalina.startup.HostConfig.deployDirectory Deploying web application directory [/home/lain/Smart-Task-v1/apache-tomcat-11.0.18/webapps/manager]
31-Jan-2026 11:10:23.026 INFO [main] org.apache.catalina.startup.HostConfig.deployDirectory Deployment of web application directory [/home/lain/Smart-Task-v1/apache-tomcat-11.0.18/webapps/manager] has finished in [28] ms
31-Jan-2026 11:10:23.027 INFO [main] org.apache.catalina.startup.HostConfig.deployDirectory Deploying web application directory [/home/lain/Smart-Task-v1/apache-tomcat-11.0.18/webapps/smartTask]
31-Jan-2026 11:10:23.051 INFO [main] org.apache.catalina.startup.HostConfig.deployDirectory Deployment of web application directory [/home/lain/Smart-Task-v1/apache-tomcat-11.0.18/webapps/smartTask] has finished in [24] ms
31-Jan-2026 11:10:23.052 INFO [main] org.apache.catalina.startup.HostConfig.deployDirectory Deploying web application directory [/home/lain/Smart-Task-v1/apache-tomcat-11.0.18/webapps/smarttask_backend_jdbc_war]
31-Jan-2026 11:10:23.380 INFO [main] org.apache.jasper.servlet.TldScanner.scanJars At least one JAR was scanned for TLDs yet contained no TLDs. Enable debug logging for this logger for a complete list of JARs that were scanned but no TLDs were found in them. Skipping unneeded JARs during scanning can improve startup time and JSP compilation time.
31-Jan-2026 11:10:23.383 INFO [main] org.apache.catalina.startup.HostConfig.deployDirectory Deployment of web application directory [/home/lain/Smart-Task-v1/apache-tomcat-11.0.18/webapps/smarttask_backend_jdbc_war] has finished in [332] ms
31-Jan-2026 11:10:23.383 INFO [main] org.apache.catalina.startup.HostConfig.deployDirectory Deploying web application directory [/home/lain/Smart-Task-v1/apache-tomcat-11.0.18/webapps/smarttask-backend-jdbc-1.0-SNAPSHOT]
31-Jan-2026 11:10:24.236 INFO [main] org.apache.jasper.servlet.TldScanner.scanJars At least one JAR was scanned for TLDs yet contained no TLDs. Enable debug logging for this logger for a complete list of JARs that were scanned but no TLDs were found in them. Skipping unneeded JARs during scanning can improve startup time and JSP compilation time.
31-Jan-2026 11:10:24.240 INFO [main] org.apache.catalina.startup.HostConfig.deployDirectory Deployment of web application directory [/home/lain/Smart-Task-v1/apache-tomcat-11.0.18/webapps/smarttask-backend-jdbc-1.0-SNAPSHOT] has finished in [857] ms
31-Jan-2026 11:10:24.248 INFO [main] org.apache.coyote.AbstractProtocol.start Starting ProtocolHandler ["http-nio-8080"]
31-Jan-2026 11:10:24.267 INFO [main] org.apache.catalina.startup.Catalina.start Server startup in [3950] milliseconds
31-Jan-2026 11:12:23.890 INFO [main] org.apache.catalina.core.StandardServer.await A valid shutdown command was received via the shutdown port. Stopping the Server instance.
31-Jan-2026 11:12:23.890 INFO [main] org.apache.coyote.AbstractProtocol.pause Pausing ProtocolHandler ["http-nio-8080"]
31-Jan-2026 11:12:23.892 INFO [main] org.apache.catalina.core.StandardService.stopInternal Stopping service [Catalina]
31-Jan-2026 11:12:23.913 WARNING [main] org.apache.catalina.loader.WebappClassLoaderBase.clearReferencesThreads The web application [ROOT] appears to have started a thread named [mysql-cj-abandoned-connection-cleanup] but has failed to stop it. This is very likely to create a memory leak. Stack trace of thread:
 java.base/jdk.internal.misc.Unsafe.park(Native Method)
 java.base/java.util.concurrent.locks.LockSupport.parkNanos(LockSupport.java:269)
 java.base/java.util.concurrent.locks.AbstractQueuedSynchronizer$ConditionObject.await(AbstractQueuedSynchronizer.java:1886)
 java.base/java.lang.ref.ReferenceQueue.await(ReferenceQueue.java:71)
 java.base/java.lang.ref.ReferenceQueue.remove0(ReferenceQueue.java:143)
 java.base/java.lang.ref.ReferenceQueue.remove(ReferenceQueue.java:218)
 com.mysql.cj.jdbc.AbandonedConnectionCleanupThread.run(AbandonedConnectionCleanupThread.java:93)
 java.base/java.util.concurrent.ThreadPoolExecutor.runWorker(ThreadPoolExecutor.java:1144)
 java.base/java.util.concurrent.ThreadPoolExecutor$Worker.run(ThreadPoolExecutor.java:642)
 java.base/java.lang.Thread.run(Thread.java:1583)
31-Jan-2026 11:12:23.979 WARNING [main] org.apache.catalina.loader.WebappClassLoaderBase.clearReferencesJdbc The web application [smarttask-backend-jdbc-1.0-SNAPSHOT] registered the JDBC driver [com.mysql.cj.jdbc.Driver] but failed to unregister it when the web application was stopped. To prevent a memory leak, the JDBC Driver has been forcibly unregistered.
31-Jan-2026 11:12:23.980 WARNING [main] org.apache.catalina.loader.WebappClassLoaderBase.clearReferencesThreads The web application [smarttask-backend-jdbc-1.0-SNAPSHOT] appears to have started a thread named [mysql-cj-abandoned-connection-cleanup] but has failed to stop it. This is very likely to create a memory leak. Stack trace of thread:
 java.base/jdk.internal.misc.Unsafe.park(Native Method)
 java.base/java.util.concurrent.locks.LockSupport.parkNanos(LockSupport.java:269)
 java.base/java.util.concurrent.locks.AbstractQueuedSynchronizer$ConditionObject.await(AbstractQueuedSynchronizer.java:1886)
 java.base/java.lang.ref.ReferenceQueue.await(ReferenceQueue.java:71)
 java.base/java.lang.ref.ReferenceQueue.remove0(ReferenceQueue.java:143)
 java.base/java.lang.ref.ReferenceQueue.remove(ReferenceQueue.java:218)
 com.mysql.cj.jdbc.AbandonedConnectionCleanupThread.run(AbandonedConnectionCleanupThread.java:93)
 java.base/java.util.concurrent.ThreadPoolExecutor.runWorker(ThreadPoolExecutor.java:1144)
 java.base/java.util.concurrent.ThreadPoolExecutor$Worker.run(ThreadPoolExecutor.java:642)
 java.base/java.lang.Thread.run(Thread.java:1583)
31-Jan-2026 11:12:24.028 INFO [main] org.apache.coyote.AbstractProtocol.stop Stopping ProtocolHandler ["http-nio-8080"]
31-Jan-2026 11:12:24.047 INFO [main] org.apache.coyote.AbstractProtocol.destroy Destroying ProtocolHandler ["http-nio-8080"]
31-Jan-2026 11:13:58.384 INFO [main] org.apache.catalina.startup.VersionLoggerListener.log Server version name:   Apache Tomcat/11.0.18
31-Jan-2026 11:13:58.397 INFO [main] org.apache.catalina.startup.VersionLoggerListener.log Server built:          Jan 23 2026 10:22:57 UTC
31-Jan-2026 11:13:58.398 INFO [main] org.apache.catalina.startup.VersionLoggerListener.log Server version number: 11.0.18.0
31-Jan-2026 11:13:58.398 INFO [main] org.apache.catalina.startup.VersionLoggerListener.log OS Name:               Linux
31-Jan-2026 11:13:58.398 INFO [main] org.apache.catalina.startup.VersionLoggerListener.log OS Version:            6.17.9-arch1-1
31-Jan-2026 11:13:58.398 INFO [main] org.apache.catalina.startup.VersionLoggerListener.log Architecture:          amd64
31-Jan-2026 11:13:58.399 INFO [main] org.apache.catalina.startup.VersionLoggerListener.log Java Home:             /usr/lib/jvm/java-21-openjdk
31-Jan-2026 11:13:58.399 INFO [main] org.apache.catalina.startup.VersionLoggerListener.log JVM Version:           21.0.9+10
31-Jan-2026 11:13:58.399 INFO [main] org.apache.catalina.startup.VersionLoggerListener.log JVM Vendor:            Arch Linux
31-Jan-2026 11:13:58.399 INFO [main] org.apache.catalina.startup.VersionLoggerListener.log CATALINA_BASE:         /home/lain/Smart-Task-v1/apache-tomcat-11.0.18
31-Jan-2026 11:13:58.399 INFO [main] org.apache.catalina.startup.VersionLoggerListener.log CATALINA_HOME:         /home/lain/Smart-Task-v1/apache-tomcat-11.0.18
31-Jan-2026 11:13:58.415 INFO [main] org.apache.catalina.startup.VersionLoggerListener.log Command line argument: -Djava.util.logging.config.file=/home/lain/Smart-Task-v1/apache-tomcat-11.0.18/conf/logging.properties
31-Jan-2026 11:13:58.415 INFO [main] org.apache.catalina.startup.VersionLoggerListener.log Command line argument: -Djava.util.logging.manager=org.apache.juli.ClassLoaderLogManager
31-Jan-2026 11:13:58.416 INFO [main] org.apache.catalina.startup.VersionLoggerListener.log Command line argument: -Djdk.tls.ephemeralDHKeySize=2048
31-Jan-2026 11:13:58.416 INFO [main] org.apache.catalina.startup.VersionLoggerListener.log Command line argument: -Dorg.apache.catalina.security.SecurityListener.UMASK=0027
31-Jan-2026 11:13:58.416 INFO [main] org.apache.catalina.startup.VersionLoggerListener.log Command line argument: --add-opens=java.base/java.lang=ALL-UNNAMED
31-Jan-2026 11:13:58.416 INFO [main] org.apache.catalina.startup.VersionLoggerListener.log Command line argument: --add-opens=java.base/java.lang.reflect=ALL-UNNAMED
31-Jan-2026 11:13:58.416 INFO [main] org.apache.catalina.startup.VersionLoggerListener.log Command line argument: --add-opens=java.base/java.io=ALL-UNNAMED
31-Jan-2026 11:13:58.416 INFO [main] org.apache.catalina.startup.VersionLoggerListener.log Command line argument: --add-opens=java.base/java.util=ALL-UNNAMED
31-Jan-2026 11:13:58.417 INFO [main] org.apache.catalina.startup.VersionLoggerListener.log Command line argument: --add-opens=java.base/java.util.concurrent=ALL-UNNAMED
31-Jan-2026 11:13:58.417 INFO [main] org.apache.catalina.startup.VersionLoggerListener.log Command line argument: --add-opens=java.rmi/sun.rmi.transport=ALL-UNNAMED
31-Jan-2026 11:13:58.417 INFO [main] org.apache.catalina.startup.VersionLoggerListener.log Command line argument: --enable-native-access=ALL-UNNAMED
31-Jan-2026 11:13:58.417 INFO [main] org.apache.catalina.startup.VersionLoggerListener.log Command line argument: -Dcatalina.base=/home/lain/Smart-Task-v1/apache-tomcat-11.0.18
31-Jan-2026 11:13:58.417 INFO [main] org.apache.catalina.startup.VersionLoggerListener.log Command line argument: -Dcatalina.home=/home/lain/Smart-Task-v1/apache-tomcat-11.0.18
31-Jan-2026 11:13:58.417 INFO [main] org.apache.catalina.startup.VersionLoggerListener.log Command line argument: -Djava.io.tmpdir=/home/lain/Smart-Task-v1/apache-tomcat-11.0.18/temp
31-Jan-2026 11:13:58.419 INFO [main] org.apache.catalina.core.AprLifecycleListener.lifecycleEvent The Apache Tomcat Native library which allows using OpenSSL was not found on the java.library.path: [/usr/java/packages/lib:/usr/lib64:/lib64:/lib:/usr/lib]
31-Jan-2026 11:13:58.866 INFO [main] org.apache.coyote.AbstractProtocol.init Initializing ProtocolHandler ["http-nio-8080"]
31-Jan-2026 11:13:58.892 INFO [main] org.apache.catalina.startup.Catalina.load Server initialization in [747] milliseconds
31-Jan-2026 11:13:58.962 INFO [main] org.apache.catalina.core.StandardService.startInternal Starting service [Catalina]
31-Jan-2026 11:13:58.963 INFO [main] org.apache.catalina.core.StandardEngine.startInternal Starting Servlet engine: [Apache Tomcat/11.0.18]
31-Jan-2026 11:13:59.002 INFO [main] org.apache.catalina.startup.HostConfig.deployWAR Deploying web application archive [/home/lain/Smart-Task-v1/apache-tomcat-11.0.18/webapps/smarttask-backend-jdbc-1.0-SNAPSHOT.war]
31-Jan-2026 11:14:00.502 INFO [main] org.apache.jasper.servlet.TldScanner.scanJars At least one JAR was scanned for TLDs yet contained no TLDs. Enable debug logging for this logger for a complete list of JARs that were scanned but no TLDs were found in them. Skipping unneeded JARs during scanning can improve startup time and JSP compilation time.
31-Jan-2026 11:14:00.559 INFO [main] org.apache.catalina.startup.HostConfig.deployWAR Deployment of web application archive [/home/lain/Smart-Task-v1/apache-tomcat-11.0.18/webapps/smarttask-backend-jdbc-1.0-SNAPSHOT.war] has finished in [1,558] ms
31-Jan-2026 11:14:00.560 INFO [main] org.apache.catalina.startup.HostConfig.deployDirectory Deploying web application directory [/home/lain/Smart-Task-v1/apache-tomcat-11.0.18/webapps/ROOT]
31-Jan-2026 11:14:01.510 INFO [main] org.apache.jasper.servlet.TldScanner.scanJars At least one JAR was scanned for TLDs yet contained no TLDs. Enable debug logging for this logger for a complete list of JARs that were scanned but no TLDs were found in them. Skipping unneeded JARs during scanning can improve startup time and JSP compilation time.
31-Jan-2026 11:14:01.513 INFO [main] org.apache.catalina.startup.HostConfig.deployDirectory Deployment of web application directory [/home/lain/Smart-Task-v1/apache-tomcat-11.0.18/webapps/ROOT] has finished in [953] ms
31-Jan-2026 11:14:01.514 INFO [main] org.apache.catalina.startup.HostConfig.deployDirectory Deploying web application directory [/home/lain/Smart-Task-v1/apache-tomcat-11.0.18/webapps/docs]
31-Jan-2026 11:14:01.545 INFO [main] org.apache.catalina.startup.HostConfig.deployDirectory Deployment of web application directory [/home/lain/Smart-Task-v1/apache-tomcat-11.0.18/webapps/docs] has finished in [31] ms
31-Jan-2026 11:14:01.545 INFO [main] org.apache.catalina.startup.HostConfig.deployDirectory Deploying web application directory [/home/lain/Smart-Task-v1/apache-tomcat-11.0.18/webapps/examples]
31-Jan-2026 11:14:01.833 INFO [main] org.apache.catalina.startup.HostConfig.deployDirectory Deployment of web application directory [/home/lain/Smart-Task-v1/apache-tomcat-11.0.18/webapps/examples] has finished in [288] ms
31-Jan-2026 11:14:01.834 INFO [main] org.apache.catalina.startup.HostConfig.deployDirectory Deploying web application directory [/home/lain/Smart-Task-v1/apache-tomcat-11.0.18/webapps/host-manager]
31-Jan-2026 11:14:01.864 INFO [main] org.apache.catalina.startup.HostConfig.deployDirectory Deployment of web application directory [/home/lain/Smart-Task-v1/apache-tomcat-11.0.18/webapps/host-manager] has finished in [30] ms
31-Jan-2026 11:14:01.865 INFO [main] org.apache.catalina.startup.HostConfig.deployDirectory Deploying web application directory [/home/lain/Smart-Task-v1/apache-tomcat-11.0.18/webapps/manager]
31-Jan-2026 11:14:01.900 INFO [main] org.apache.catalina.startup.HostConfig.deployDirectory Deployment of web application directory [/home/lain/Smart-Task-v1/apache-tomcat-11.0.18/webapps/manager] has finished in [35] ms
31-Jan-2026 11:14:01.901 INFO [main] org.apache.catalina.startup.HostConfig.deployDirectory Deploying web application directory [/home/lain/Smart-Task-v1/apache-tomcat-11.0.18/webapps/smartTask]
31-Jan-2026 11:14:01.918 INFO [main] org.apache.catalina.startup.HostConfig.deployDirectory Deployment of web application directory [/home/lain/Smart-Task-v1/apache-tomcat-11.0.18/webapps/smartTask] has finished in [17] ms
31-Jan-2026 11:14:01.923 INFO [main] org.apache.coyote.AbstractProtocol.start Starting ProtocolHandler ["http-nio-8080"]
31-Jan-2026 11:14:01.947 INFO [main] org.apache.catalina.startup.Catalina.start Server startup in [3051] milliseconds
